<?xml version="1.0" encoding="UTF-8"?>
<!-- Generated by org.testng.reporters.JUnitXMLReporter -->
<testsuite hostname="ip-172-31-64-7" ignored="0" name="Test" tests="1" failures="1" timestamp="2021-06-27T08:25:17 UTC" time="2.313" errors="0">
  <testcase name="@AfterMethod teardown" time="0.258" classname="Test.Baseclass">
    <failure type="java.lang.NullPointerException">
      <![CDATA[java.lang.NullPointerException
at Test.Baseclass.teardown(Baseclass.java:59)
at java.util.ArrayList.forEach(ArrayList.java:1259)
... Removed 32 stack frames]]>
    </failure>
  </testcase> <!-- @AfterMethod teardown -->
  <testcase name="LoginTestcase1" time="0.025" classname="Test.logintest">
    <failure type="java.lang.NullPointerException">
      <![CDATA[java.lang.NullPointerException
at org.openqa.selenium.support.pagefactory.DefaultElementLocator.findElement(DefaultElementLocator.java:69)
at org.openqa.selenium.support.pagefactory.internal.LocatingElementHandler.invoke(LocatingElementHandler.java:38)
at com.sun.proxy.$Proxy9.sendKeys(Unknown Source)
at Page.LoginPage.logintest1(LoginPage.java:37)
at Test.logintest.LoginTestcase1(logintest.java:38)
at java.util.ArrayList.forEach(ArrayList.java:1259)
... Removed 27 stack frames]]>
    </failure>
  </testcase> <!-- LoginTestcase1 -->
</testsuite> <!-- Test -->
